{"content": {"suites": {"0": {"status": {"total_pass": 2, "total_skip": 0, "total_xpass": 0, "total_xfail": 0, "total_rerun": 0, "total_fail": 5, "total_error": 0}, "tests": {"0": {"status": "PASS", "message": "", "test_name": "test_startApp", "rerun": "0"}, "1": {"status": "PASS", "message": "", "test_name": "test_context", "rerun": "0"}, "2": {"status": "FAIL", "message": "   assert None\n    +  where None = <bound method WebElement.click of <appium.webdriver.webelement.WebElement (session=\"c91ec718-3ecf-44f1-ae3a-79451285b3e3\", element=\"f.4D181F1493C391AF26C4F2D9F0391DA6.d.5D4DCFF1DFF3C0F4F7EE1797AFCDA968.e.14\")>>()\n    +    where <bound method WebElement.click of <appium.webdriver.webelement.WebElement (session=\"c91ec718-3ecf-44f1-ae3a-79451285b3e3\", element=\"f.4D181F1493C391AF26C4F2D9F0391DA6.d.5D4DCFF1DFF3C0F4F7EE1797AFCDA968.e.14\")>> = <appium.webdriver.webelement.WebElement (session=\"c91ec718-3ecf-44f1-ae3a-79451285b3e3\", element=\"f.4D181F1493C391AF26C4F2D9F0391DA6.d.5D4DCFF1DFF3C0F4F7EE1797AFCDA968.e.14\")>.click\n    +      where <appium.webdriver.webelement.WebElement (session=\"c91ec718-3ecf-44f1-ae3a-79451285b3e3\", element=\"f.4D181F1493C391AF26C4F2D9F0391DA6.d.5D4DCFF1DFF3C0F4F7EE1797AFCDA968.e.14\")> = <function xpath at 0x0000015BE0D68EA0>('//main/div[2]/div[2]/div/div[1]')\n    +        where <function xpath at 0x0000015BE0D68EA0> = webDriver.xpath\n", "test_name": "test_intoMerchant", "rerun": "0"}, "3": {"status": "FAIL", "message": "   assert None\n    +  where None = <bound method WebElement.click of <appium.webdriver.webelement.WebElement (session=\"c91ec718-3ecf-44f1-ae3a-79451285b3e3\", element=\"f.4D181F1493C391AF26C4F2D9F0391DA6.d.5D4DCFF1DFF3C0F4F7EE1797AFCDA968.e.13\")>>()\n    +    where <bound method WebElement.click of <appium.webdriver.webelement.WebElement (session=\"c91ec718-3ecf-44f1-ae3a-79451285b3e3\", element=\"f.4D181F1493C391AF26C4F2D9F0391DA6.d.5D4DCFF1DFF3C0F4F7EE1797AFCDA968.e.13\")>> = <appium.webdriver.webelement.WebElement (session=\"c91ec718-3ecf-44f1-ae3a-79451285b3e3\", element=\"f.4D181F1493C391AF26C4F2D9F0391DA6.d.5D4DCFF1DFF3C0F4F7EE1797AFCDA968.e.13\")>.click\n    +      where <appium.webdriver.webelement.WebElement (session=\"c91ec718-3ecf-44f1-ae3a-79451285b3e3\", element=\"f.4D181F1493C391AF26C4F2D9F0391DA6.d.5D4DCFF1DFF3C0F4F7EE1797AFCDA968.e.13\")> = <function xpath at 0x0000015BE0D68EA0>('//main/div[2]/div[3]/div/button[2]')\n    +        where <function xpath at 0x0000015BE0D68EA0> = webDriver.xpath\n", "test_name": "test_kakao", "rerun": "0"}, "4": {"status": "FAIL", "message": "   assert None\n    +  where None = <function confirmMerchant at 0x0000015BFF8349A0>()\n    +    where <function confirmMerchant at 0x0000015BFF8349A0> = mc.confirmMerchant\n", "test_name": "test_confirmMerchant", "rerun": "0"}, "5": {"status": "FAIL", "message": "   selenium.common.exceptions.TimeoutException: Message: \n   Stacktrace:\n   \tGetHandleVerifier [0x00007FF68FE01F52+60322]\n   \t(No symbol) [0x00007FF68FD7CEC9]\n   \t(No symbol) [0x00007FF68FC37EBA]\n   \t(No symbol) [0x00007FF68FC87676]\n   \t(No symbol) [0x00007FF68FC8773C]\n   \t(No symbol) [0x00007FF68FCCE967]\n   \t(No symbol) [0x00007FF68FCAC25F]\n   \t(No symbol) [0x00007FF68FCCBC80]\n   \t(No symbol) [0x00007FF68FCABFC3]\n   \t(No symbol) [0x00007FF68FC79617]\n   \t(No symbol) [0x00007FF68FC7A211]\n   \tGetHandleVerifier [0x00007FF6901194AD+3301629]\n   \tGetHandleVerifier [0x00007FF6901636D3+3605283]\n   \tGetHandleVerifier [0x00007FF690159450+3563680]\n   \tGetHandleVerifier [0x00007FF68FEB4326+790390]\n   \t(No symbol) [0x00007FF68FD8750F]\n   \t(No symbol) [0x00007FF68FD83404]\n   \t(No symbol) [0x00007FF68FD83592]\n   \t(No symbol) [0x00007FF68FD72F9F]\n   \tBaseThreadInitThunk [0x00007FF9932B257D+29]\n   \tRtlUserThreadStart [0x00007FF9950CAA48+40]\n", "test_name": "test_recordExcel", "rerun": "0"}, "6": {"status": "FAIL", "message": "   selenium.common.exceptions.NoSuchElementException: Message: no such element: Unable to locate element: {\"method\":\"xpath\",\"selector\":\"//header/div/a/img\"}\n     (Session info: chrome=125.0.6422.82); For documentation on this error, please visit: https://www.selenium.dev/documentation/webdriver/troubleshooting/errors#no-such-element-exception\n   Stacktrace:\n   \tGetHandleVerifier [0x00007FF68FE01F52+60322]\n   \t(No symbol) [0x00007FF68FD7CEC9]\n   \t(No symbol) [0x00007FF68FC37EBA]\n   \t(No symbol) [0x00007FF68FC87676]\n   \t(No symbol) [0x00007FF68FC8773C]\n   \t(No symbol) [0x00007FF68FCCE967]\n   \t(No symbol) [0x00007FF68FCAC25F]\n   \t(No symbol) [0x00007FF68FCCBC80]\n   \t(No symbol) [0x00007FF68FCABFC3]\n   \t(No symbol) [0x00007FF68FC79617]\n   \t(No symbol) [0x00007FF68FC7A211]\n   \tGetHandleVerifier [0x00007FF6901194AD+3301629]\n   \tGetHandleVerifier [0x00007FF6901636D3+3605283]\n   \tGetHandleVerifier [0x00007FF690159450+3563680]\n   \tGetHandleVerifier [0x00007FF68FEB4326+790390]\n   \t(No symbol) [0x00007FF68FD8750F]\n   \t(No symbol) [0x00007FF68FD83404]\n   \t(No symbol) [0x00007FF68FD83592]\n   \t(No symbol) [0x00007FF68FD72F9F]\n   \tBaseThreadInitThunk [0x00007FF9932B257D+29]\n   \tRtlUserThreadStart [0x00007FF9950CAA48+40]\n", "test_name": "test_resign", "rerun": "0"}}, "suite_name": "test_merchant_copy.py"}}}, "date": "May 31, 2024", "start_time": 1717124130.8039923, "total_suite": 1, "status": "FAIL", "status_list": {"pass": "2", "fail": "5", "skip": "0", "error": "0", "xpass": "0", "xfail": "0", "rerun": "0"}, "total_tests": "7"}